info it worked if it ends with ok
verbose cli [ 'node',
verbose cli   '/Users/jprichardson/.nvm/v0.6.7/bin/npm',
verbose cli   'publish',
verbose cli   'dq' ]
info using npm@1.1.0-beta-10
info using node@v0.6.7
verbose config file /Users/jprichardson/.npmrc
verbose config file /Users/jprichardson/.nvm/v0.6.7/etc/npmrc
verbose config file /Users/jprichardson/.nvm/v0.6.7/lib/node_modules/npm/npmrc
verbose publish [ 'dq' ]
verbose cache add [ 'dq', null ]
silly cache add: name, spec, args [ undefined, 'dq', [ 'dq', null ] ]
verbose parsed url { pathname: 'dq', path: 'dq', href: 'dq' }
verbose addNamed [ 'dq', '' ]
verbose addNamed [ null, '' ]
silly name, range, hasData [ 'dq', '', false ]
verbose raw, before any munging dq
verbose url resolving [ 'https://registry.npmjs.org/', './dq' ]
verbose url resolved https://registry.npmjs.org/dq
http GET https://registry.npmjs.org/dq
http 404 https://registry.npmjs.org/dq
silly get cb [ 404,
silly get cb   { server: 'CouchDB/1.1.0 (Erlang OTP/R14B04)',
silly get cb     date: 'Mon, 13 Feb 2012 01:56:59 GMT',
silly get cb     'content-type': 'application/json',
silly get cb     'content-length': '52',
silly get cb     'cache-control': 'must-revalidate' } ]
ERR! 404 'dq' is not in the npm registry.
ERR! 404 You could maybe bug the author to publish it
ERR! 404 Note that you can also install from a tarball or folder.
ERR! 
ERR! System Darwin 11.2.0
ERR! command "node" "/Users/jprichardson/.nvm/v0.6.7/bin/npm" "publish" "dq"
ERR! cwd /Users/jprichardson/Dropbox/Projects/Personal/js/node_modules/dq
ERR! node -v v0.6.7
ERR! npm -v 1.1.0-beta-10
ERR! code E404
ERR! message 404 Not Found: dq
verbose exit [ 1, true ]
